01/24/2022 00:29:53 +02:00 Application Starting.
01/24/2022 00:29:55 +02:00 Application startup exception
System.Exception: Could not resolve a service of type 'Microsoft.Extensions.Logging.ILogger' for the parameter 'logger' of method 'Configure' on type 'Power.API.Startup'.
 ---> System.InvalidOperationException: No service for type 'Microsoft.Extensions.Logging.ILogger' has been registered.
   at Microsoft.Extensions.DependencyInjection.ServiceProviderServiceExtensions.GetRequiredService(IServiceProvider provider, Type serviceType)
   at Microsoft.AspNetCore.Hosting.ConfigureBuilder.Invoke(Object instance, IApplicationBuilder builder)
   --- End of inner exception stack trace ---
   at Microsoft.AspNetCore.Hosting.ConfigureBuilder.Invoke(Object instance, IApplicationBuilder builder)
   at Microsoft.AspNetCore.Hosting.ConfigureBuilder.<>c__DisplayClass4_0.<Build>b__0(IApplicationBuilder builder)
   at Microsoft.AspNetCore.Hosting.GenericWebHostBuilder.<>c__DisplayClass15_0.<UseStartup>b__1(IApplicationBuilder app)
   at Microsoft.AspNetCore.Mvc.Filters.MiddlewareFilterBuilderStartupFilter.<>c__DisplayClass0_0.<Configure>g__MiddlewareFilterBuilder|0(IApplicationBuilder builder)
   at Microsoft.AspNetCore.Server.IIS.Core.IISServerSetupFilter.<>c__DisplayClass2_0.<Configure>b__0(IApplicationBuilder app)
   at Microsoft.AspNetCore.HostFilteringStartupFilter.<>c__DisplayClass0_0.<Configure>b__0(IApplicationBuilder app)
   at Microsoft.AspNetCore.Hosting.GenericWebHostService.StartAsync(CancellationToken cancellationToken)
01/24/2022 00:29:56 +02:00 The Application failed to start.
System.Exception: Could not resolve a service of type 'Microsoft.Extensions.Logging.ILogger' for the parameter 'logger' of method 'Configure' on type 'Power.API.Startup'.
 ---> System.InvalidOperationException: No service for type 'Microsoft.Extensions.Logging.ILogger' has been registered.
   at Microsoft.Extensions.DependencyInjection.ServiceProviderServiceExtensions.GetRequiredService(IServiceProvider provider, Type serviceType)
   at Microsoft.AspNetCore.Hosting.ConfigureBuilder.Invoke(Object instance, IApplicationBuilder builder)
   --- End of inner exception stack trace ---
   at Microsoft.AspNetCore.Hosting.ConfigureBuilder.Invoke(Object instance, IApplicationBuilder builder)
   at Microsoft.AspNetCore.Hosting.ConfigureBuilder.<>c__DisplayClass4_0.<Build>b__0(IApplicationBuilder builder)
   at Microsoft.AspNetCore.Hosting.GenericWebHostBuilder.<>c__DisplayClass15_0.<UseStartup>b__1(IApplicationBuilder app)
   at Microsoft.AspNetCore.Mvc.Filters.MiddlewareFilterBuilderStartupFilter.<>c__DisplayClass0_0.<Configure>g__MiddlewareFilterBuilder|0(IApplicationBuilder builder)
   at Microsoft.AspNetCore.Server.IIS.Core.IISServerSetupFilter.<>c__DisplayClass2_0.<Configure>b__0(IApplicationBuilder app)
   at Microsoft.AspNetCore.HostFilteringStartupFilter.<>c__DisplayClass0_0.<Configure>b__0(IApplicationBuilder app)
   at Microsoft.AspNetCore.Hosting.GenericWebHostService.StartAsync(CancellationToken cancellationToken)
   at Microsoft.Extensions.Hosting.Internal.Host.StartAsync(CancellationToken cancellationToken)
   at Microsoft.Extensions.Hosting.HostingAbstractionsHostExtensions.RunAsync(IHost host, CancellationToken token)
   at Microsoft.Extensions.Hosting.HostingAbstractionsHostExtensions.RunAsync(IHost host, CancellationToken token)
   at Microsoft.Extensions.Hosting.HostingAbstractionsHostExtensions.Run(IHost host)
   at Power.API.Program.Main(String[] args) in E:\Study\Power API\Power\Power.API\Program.cs:line 29
01/24/2022 00:30:17 +02:00 Application Starting.
01/24/2022 00:30:19 +02:00 Application startup exception
System.Exception: Could not resolve a service of type 'Microsoft.Extensions.Logging.ILogger' for the parameter 'logger' of method 'Configure' on type 'Power.API.Startup'.
 ---> System.InvalidOperationException: No service for type 'Microsoft.Extensions.Logging.ILogger' has been registered.
   at Microsoft.Extensions.DependencyInjection.ServiceProviderServiceExtensions.GetRequiredService(IServiceProvider provider, Type serviceType)
   at Microsoft.AspNetCore.Hosting.ConfigureBuilder.Invoke(Object instance, IApplicationBuilder builder)
   --- End of inner exception stack trace ---
   at Microsoft.AspNetCore.Hosting.ConfigureBuilder.Invoke(Object instance, IApplicationBuilder builder)
   at Microsoft.AspNetCore.Hosting.ConfigureBuilder.<>c__DisplayClass4_0.<Build>b__0(IApplicationBuilder builder)
   at Microsoft.AspNetCore.Hosting.GenericWebHostBuilder.<>c__DisplayClass15_0.<UseStartup>b__1(IApplicationBuilder app)
   at Microsoft.AspNetCore.Mvc.Filters.MiddlewareFilterBuilderStartupFilter.<>c__DisplayClass0_0.<Configure>g__MiddlewareFilterBuilder|0(IApplicationBuilder builder)
   at Microsoft.AspNetCore.Server.IIS.Core.IISServerSetupFilter.<>c__DisplayClass2_0.<Configure>b__0(IApplicationBuilder app)
   at Microsoft.AspNetCore.HostFilteringStartupFilter.<>c__DisplayClass0_0.<Configure>b__0(IApplicationBuilder app)
   at Microsoft.AspNetCore.Hosting.GenericWebHostService.StartAsync(CancellationToken cancellationToken)
01/24/2022 00:30:19 +02:00 The Application failed to start.
System.Exception: Could not resolve a service of type 'Microsoft.Extensions.Logging.ILogger' for the parameter 'logger' of method 'Configure' on type 'Power.API.Startup'.
 ---> System.InvalidOperationException: No service for type 'Microsoft.Extensions.Logging.ILogger' has been registered.
   at Microsoft.Extensions.DependencyInjection.ServiceProviderServiceExtensions.GetRequiredService(IServiceProvider provider, Type serviceType)
   at Microsoft.AspNetCore.Hosting.ConfigureBuilder.Invoke(Object instance, IApplicationBuilder builder)
   --- End of inner exception stack trace ---
   at Microsoft.AspNetCore.Hosting.ConfigureBuilder.Invoke(Object instance, IApplicationBuilder builder)
   at Microsoft.AspNetCore.Hosting.ConfigureBuilder.<>c__DisplayClass4_0.<Build>b__0(IApplicationBuilder builder)
   at Microsoft.AspNetCore.Hosting.GenericWebHostBuilder.<>c__DisplayClass15_0.<UseStartup>b__1(IApplicationBuilder app)
   at Microsoft.AspNetCore.Mvc.Filters.MiddlewareFilterBuilderStartupFilter.<>c__DisplayClass0_0.<Configure>g__MiddlewareFilterBuilder|0(IApplicationBuilder builder)
   at Microsoft.AspNetCore.Server.IIS.Core.IISServerSetupFilter.<>c__DisplayClass2_0.<Configure>b__0(IApplicationBuilder app)
   at Microsoft.AspNetCore.HostFilteringStartupFilter.<>c__DisplayClass0_0.<Configure>b__0(IApplicationBuilder app)
   at Microsoft.AspNetCore.Hosting.GenericWebHostService.StartAsync(CancellationToken cancellationToken)
   at Microsoft.Extensions.Hosting.Internal.Host.StartAsync(CancellationToken cancellationToken)
   at Microsoft.Extensions.Hosting.HostingAbstractionsHostExtensions.RunAsync(IHost host, CancellationToken token)
   at Microsoft.Extensions.Hosting.HostingAbstractionsHostExtensions.RunAsync(IHost host, CancellationToken token)
   at Microsoft.Extensions.Hosting.HostingAbstractionsHostExtensions.Run(IHost host)
   at Power.API.Program.Main(String[] args) in E:\Study\Power API\Power\Power.API\Program.cs:line 29
01/24/2022 00:30:48 +02:00 Application Starting.
01/24/2022 00:36:14 +02:00 Application Starting.
01/24/2022 00:36:35 +02:00 HTTP "GET" "/WeatherForecast" responded 500 in 2180.1818 ms
System.Exception: there are some issues happen..!
   at Power.API.Controllers.WeatherForecastController.Get() in E:\Study\Power API\Power\Power.API\Controllers\WeatherForecastController.cs:line 29
   at lambda_method3(Closure , Object , Object[] )
   at Microsoft.AspNetCore.Mvc.Infrastructure.ActionMethodExecutor.SyncObjectResultExecutor.Execute(IActionResultTypeMapper mapper, ObjectMethodExecutor executor, Object controller, Object[] arguments)
   at Microsoft.AspNetCore.Mvc.Infrastructure.ControllerActionInvoker.InvokeActionMethodAsync()
   at Microsoft.AspNetCore.Mvc.Infrastructure.ControllerActionInvoker.Next(State& next, Scope& scope, Object& state, Boolean& isCompleted)
   at Microsoft.AspNetCore.Mvc.Infrastructure.ControllerActionInvoker.InvokeNextActionFilterAsync()
--- End of stack trace from previous location ---
   at Microsoft.AspNetCore.Mvc.Infrastructure.ControllerActionInvoker.Rethrow(ActionExecutedContextSealed context)
   at Microsoft.AspNetCore.Mvc.Infrastructure.ControllerActionInvoker.Next(State& next, Scope& scope, Object& state, Boolean& isCompleted)
   at Microsoft.AspNetCore.Mvc.Infrastructure.ControllerActionInvoker.InvokeInnerFilterAsync()
--- End of stack trace from previous location ---
   at Microsoft.AspNetCore.Mvc.Infrastructure.ResourceInvoker.<InvokeFilterPipelineAsync>g__Awaited|19_0(ResourceInvoker invoker, Task lastTask, State next, Scope scope, Object state, Boolean isCompleted)
   at Microsoft.AspNetCore.Mvc.Infrastructure.ResourceInvoker.<InvokeAsync>g__Awaited|17_0(ResourceInvoker invoker, Task task, IDisposable scope)
   at Microsoft.AspNetCore.Routing.EndpointMiddleware.<Invoke>g__AwaitRequestTask|6_0(Endpoint endpoint, Task requestTask, ILogger logger)
   at Microsoft.AspNetCore.Authorization.AuthorizationMiddleware.Invoke(HttpContext context)
   at Microsoft.AspNetCore.Authentication.AuthenticationMiddleware.Invoke(HttpContext context)
   at Serilog.AspNetCore.RequestLoggingMiddleware.Invoke(HttpContext httpContext)
01/24/2022 00:36:35 +02:00 An unhandled exception has occurred while executing the request.
System.Exception: there are some issues happen..!
   at Power.API.Controllers.WeatherForecastController.Get() in E:\Study\Power API\Power\Power.API\Controllers\WeatherForecastController.cs:line 29
   at lambda_method3(Closure , Object , Object[] )
   at Microsoft.AspNetCore.Mvc.Infrastructure.ActionMethodExecutor.SyncObjectResultExecutor.Execute(IActionResultTypeMapper mapper, ObjectMethodExecutor executor, Object controller, Object[] arguments)
   at Microsoft.AspNetCore.Mvc.Infrastructure.ControllerActionInvoker.InvokeActionMethodAsync()
   at Microsoft.AspNetCore.Mvc.Infrastructure.ControllerActionInvoker.Next(State& next, Scope& scope, Object& state, Boolean& isCompleted)
   at Microsoft.AspNetCore.Mvc.Infrastructure.ControllerActionInvoker.InvokeNextActionFilterAsync()
--- End of stack trace from previous location ---
   at Microsoft.AspNetCore.Mvc.Infrastructure.ControllerActionInvoker.Rethrow(ActionExecutedContextSealed context)
   at Microsoft.AspNetCore.Mvc.Infrastructure.ControllerActionInvoker.Next(State& next, Scope& scope, Object& state, Boolean& isCompleted)
   at Microsoft.AspNetCore.Mvc.Infrastructure.ControllerActionInvoker.InvokeInnerFilterAsync()
--- End of stack trace from previous location ---
   at Microsoft.AspNetCore.Mvc.Infrastructure.ResourceInvoker.<InvokeFilterPipelineAsync>g__Awaited|19_0(ResourceInvoker invoker, Task lastTask, State next, Scope scope, Object state, Boolean isCompleted)
   at Microsoft.AspNetCore.Mvc.Infrastructure.ResourceInvoker.<InvokeAsync>g__Awaited|17_0(ResourceInvoker invoker, Task task, IDisposable scope)
   at Microsoft.AspNetCore.Routing.EndpointMiddleware.<Invoke>g__AwaitRequestTask|6_0(Endpoint endpoint, Task requestTask, ILogger logger)
   at Microsoft.AspNetCore.Authorization.AuthorizationMiddleware.Invoke(HttpContext context)
   at Microsoft.AspNetCore.Authentication.AuthenticationMiddleware.Invoke(HttpContext context)
   at Serilog.AspNetCore.RequestLoggingMiddleware.Invoke(HttpContext httpContext)
   at Microsoft.AspNetCore.Diagnostics.ExceptionHandlerMiddleware.<Invoke>g__Awaited|6_0(ExceptionHandlerMiddleware middleware, HttpContext context, Task task)
01/24/2022 00:36:35 +02:00 Something went Wrong: there are some issues happen..!
01/24/2022 02:53:15 +02:00 Application Starting.
01/24/2022 02:53:31 +02:00 Done Get result Successfully...
01/24/2022 02:53:31 +02:00 HTTP "GET" "/WeatherForecast" responded 200 in 410.6086 ms
01/24/2022 02:57:09 +02:00 Application Starting.
01/24/2022 02:57:11 +02:00 An unhandled exception has occurred while executing the request.
Swashbuckle.AspNetCore.SwaggerGen.SwaggerGeneratorException: Conflicting method/path combination "GET WeatherForecast" for actions - Power.API.Controllers.WeatherForecastController.Get (Power.API),Power.API.Controllers.WeatherForecastController.GetValueLoclizaer (Power.API). Actions require a unique method/path combination for Swagger/OpenAPI 3.0. Use ConflictingActionsResolver as a workaround
   at Swashbuckle.AspNetCore.SwaggerGen.SwaggerGenerator.GenerateOperations(IEnumerable`1 apiDescriptions, SchemaRepository schemaRepository)
   at Swashbuckle.AspNetCore.SwaggerGen.SwaggerGenerator.GeneratePaths(IEnumerable`1 apiDescriptions, SchemaRepository schemaRepository)
   at Swashbuckle.AspNetCore.SwaggerGen.SwaggerGenerator.GetSwagger(String documentName, String host, String basePath)
   at Swashbuckle.AspNetCore.Swagger.SwaggerMiddleware.Invoke(HttpContext httpContext, ISwaggerProvider swaggerProvider)
   at Microsoft.AspNetCore.Diagnostics.DeveloperExceptionPageMiddleware.Invoke(HttpContext context)
01/24/2022 02:57:40 +02:00 Application Starting.
01/24/2022 02:58:56 +02:00 HTTP "GET" "/WeatherForecast/GetValueLoclizaer" responded 200 in 326.0907 ms
01/24/2022 02:59:08 +02:00 HTTP "GET" "/WeatherForecast/GetValueLoclizaer" responded 200 in 19.4686 ms
01/24/2022 02:59:09 +02:00 HTTP "GET" "/WeatherForecast/GetValueLoclizaer" responded 200 in 5.5947 ms
01/24/2022 02:59:26 +02:00 Application Starting.
01/24/2022 02:59:34 +02:00 HTTP "GET" "/api/WeatherForecast/GetValueLoclizaer" responded 200 in 298.2356 ms
01/24/2022 03:07:15 +02:00 Application Starting.
01/24/2022 03:07:26 +02:00 HTTP "GET" "/api/WeatherForecast/GetValueLoclizaer" responded 200 in 165.1719 ms
01/24/2022 03:08:05 +02:00 Application Starting.
01/24/2022 03:08:12 +02:00 HTTP "GET" "/api/WeatherForecast/GetValueLoclizaer" responded 200 in 165.3455 ms
01/24/2022 03:12:33 +02:00 Application Starting.
01/24/2022 03:12:47 +02:00 HTTP "GET" "/api/WeatherForecast/GetValueLoclizaer" responded 200 in 298.7075 ms
01/24/2022 03:13:21 +02:00 HTTP "GET" "/api/WeatherForecast/GetValueLoclizaer" responded 200 in 36.2419 ms
01/24/2022 03:13:40 +02:00 HTTP "GET" "/api/WeatherForecast/GetValueLoclizaer" responded 200 in 9.6367 ms
01/24/2022 03:13:46 +02:00 HTTP "GET" "/api/WeatherForecast/GetValueLoclizaer" responded 200 in 0.9337 ms
01/24/2022 03:13:47 +02:00 HTTP "GET" "/api/WeatherForecast/GetValueLoclizaer" responded 200 in 0.7533 ms
01/24/2022 03:14:07 +02:00 HTTP "GET" "/api/WeatherForecast/GetValueLoclizaer" responded 200 in 7.3989 ms
01/24/2022 03:14:08 +02:00 HTTP "GET" "/api/WeatherForecast/GetValueLoclizaer" responded 200 in 9.1105 ms
01/24/2022 03:14:09 +02:00 HTTP "GET" "/api/WeatherForecast/GetValueLoclizaer" responded 200 in 7.6354 ms
01/24/2022 03:14:10 +02:00 HTTP "GET" "/api/WeatherForecast/GetValueLoclizaer" responded 200 in 1.5357 ms
01/24/2022 03:14:17 +02:00 HTTP "GET" "/api/WeatherForecast/GetValueLoclizaer" responded 200 in 13.6487 ms
01/24/2022 03:14:28 +02:00 HTTP "GET" "/api/WeatherForecast/GetValueLoclizaer" responded 200 in 0.9988 ms
01/24/2022 03:14:38 +02:00 HTTP "GET" "/api/WeatherForecast/GetValueLoclizaer" responded 200 in 0.5898 ms
01/24/2022 03:14:51 +02:00 HTTP "GET" "/api/WeatherForecast/GetValueLoclizaer" responded 200 in 0.8000 ms
01/24/2022 03:15:03 +02:00 HTTP "GET" "/api/WeatherForecast/GetValueLoclizaer" responded 200 in 0.8215 ms
01/24/2022 03:16:26 +02:00 Application Starting.
01/24/2022 03:16:31 +02:00 HTTP "GET" "/api/WeatherForecast/GetValueLoclizaer" responded 200 in 317.5596 ms
01/24/2022 03:16:36 +02:00 HTTP "GET" "/api/WeatherForecast/GetValueLoclizaer" responded 200 in 4.1316 ms
01/24/2022 03:16:37 +02:00 HTTP "GET" "/api/WeatherForecast/GetValueLoclizaer" responded 200 in 5.0139 ms
01/24/2022 03:16:41 +02:00 HTTP "GET" "/api/WeatherForecast/GetValueLoclizaer" responded 200 in 4.7303 ms
01/24/2022 03:16:49 +02:00 HTTP "GET" "/api/WeatherForecast/GetValueLoclizaer" responded 200 in 1.4239 ms
01/24/2022 03:16:51 +02:00 HTTP "GET" "/api/WeatherForecast/GetValueLoclizaer" responded 200 in 1.6907 ms
01/24/2022 03:16:59 +02:00 HTTP "GET" "/api/WeatherForecast/GetValueLoclizaer" responded 200 in 1.6123 ms
01/24/2022 03:17:00 +02:00 HTTP "GET" "/api/WeatherForecast/GetValueLoclizaer" responded 200 in 0.5732 ms
01/24/2022 03:17:05 +02:00 HTTP "GET" "/api/WeatherForecast/GetValueLoclizaer" responded 200 in 1.4985 ms
01/24/2022 03:17:06 +02:00 HTTP "GET" "/api/WeatherForecast/GetValueLoclizaer" responded 200 in 2.6370 ms
01/24/2022 03:17:10 +02:00 HTTP "GET" "/api/WeatherForecast/GetValueLoclizaer" responded 200 in 0.9269 ms
01/24/2022 03:17:11 +02:00 HTTP "GET" "/api/WeatherForecast/GetValueLoclizaer" responded 200 in 0.7113 ms
01/24/2022 03:17:16 +02:00 HTTP "GET" "/api/WeatherForecast/GetValueLoclizaer" responded 200 in 1.0565 ms
01/24/2022 03:17:17 +02:00 HTTP "GET" "/api/WeatherForecast/GetValueLoclizaer" responded 200 in 0.9448 ms
01/24/2022 03:17:22 +02:00 HTTP "GET" "/api/WeatherForecast/GetValueLoclizaer" responded 200 in 0.8348 ms
01/24/2022 03:17:22 +02:00 HTTP "GET" "/api/WeatherForecast/GetValueLoclizaer" responded 200 in 0.6251 ms
01/24/2022 03:17:36 +02:00 HTTP "GET" "/api/WeatherForecast/GetValueLoclizaer" responded 200 in 0.8819 ms
01/24/2022 03:17:58 +02:00 HTTP "GET" "/api/WeatherForecast/GetValueLoclizaer" responded 200 in 8.7718 ms
01/24/2022 03:17:59 +02:00 HTTP "GET" "/api/WeatherForecast/GetValueLoclizaer" responded 200 in 0.8664 ms
01/24/2022 03:18:00 +02:00 HTTP "GET" "/api/WeatherForecast/GetValueLoclizaer" responded 200 in 0.6621 ms
01/24/2022 03:18:06 +02:00 HTTP "GET" "/api/WeatherForecast/GetValueLoclizaer" responded 200 in 0.5308 ms
01/24/2022 03:20:26 +02:00 Application Starting.
01/24/2022 03:20:35 +02:00 HTTP "GET" "/api/WeatherForecast/GetValueLoclizaer?culture=en" responded 200 in 150.6692 ms
01/24/2022 03:20:41 +02:00 HTTP "GET" "/api/WeatherForecast/GetValueLoclizaer?culture=ar" responded 200 in 10.3079 ms
01/24/2022 03:20:41 +02:00 HTTP "GET" "/api/WeatherForecast/GetValueLoclizaer?culture=ar" responded 200 in 2.6865 ms
01/24/2022 03:20:46 +02:00 HTTP "GET" "/api/WeatherForecast/GetValueLoclizaer?culture=ar-EG" responded 200 in 11.3702 ms
