02/14/2022 18:01:12 +02:00 Application Starting.
02/14/2022 18:01:22 +02:00 HTTP "GET" "/swagger/swagger-ui-bundle.js.map" responded 404 in 524.2628 ms
02/14/2022 18:01:22 +02:00 HTTP "GET" "/swagger/swagger-ui-standalone-preset.js.map" responded 404 in 1.0226 ms
02/14/2022 18:03:44 +02:00 HTTP "GET" "/api/SecuredTesting" responded 401 in 26.8701 ms
02/14/2022 18:04:16 +02:00 Application Starting.
02/14/2022 18:04:21 +02:00 HTTP "GET" "/swagger/swagger-ui-bundle.js.map" responded 404 in 367.7119 ms
02/14/2022 18:04:21 +02:00 HTTP "GET" "/swagger/swagger-ui-standalone-preset.js.map" responded 404 in 0.4692 ms
02/14/2022 18:04:26 +02:00 HTTP "GET" "/api/SecuredTesting/GetData" responded 401 in 39.3671 ms
02/14/2022 18:06:10 +02:00 HTTP "GET" "/api/SecuredTesting/GetData" responded 401 in 10.7964 ms
02/14/2022 18:08:24 +02:00 HTTP "GET" "/api/SecuredTesting/GetData" responded 401 in 3.5192 ms
02/14/2022 18:08:25 +02:00 HTTP "GET" "/api/SecuredTesting/GetData" responded 401 in 0.1425 ms
02/14/2022 18:25:38 +02:00 HTTP "GET" "/api/SecuredTesting/GetData" responded 401 in 31.9512 ms
02/14/2022 18:25:39 +02:00 HTTP "GET" "/api/SecuredTesting/GetData" responded 401 in 0.3434 ms
02/14/2022 18:26:42 +02:00 Invalid password for user.
02/14/2022 18:26:43 +02:00 HTTP "POST" "/api/Auth/GetToken" responded 200 in 2905.2678 ms
02/14/2022 18:29:34 +02:00 Invalid password for user.
02/14/2022 18:29:34 +02:00 HTTP "POST" "/api/Auth/GetToken" responded 200 in 60.8663 ms
02/14/2022 18:29:37 +02:00 Invalid password for user.
02/14/2022 18:29:37 +02:00 HTTP "POST" "/api/Auth/GetToken" responded 200 in 29.4086 ms
02/14/2022 18:29:42 +02:00 Invalid password for user.
02/14/2022 18:29:42 +02:00 HTTP "POST" "/api/Auth/GetToken" responded 200 in 38.4908 ms
02/14/2022 18:29:43 +02:00 Invalid password for user.
02/14/2022 18:29:43 +02:00 HTTP "POST" "/api/Auth/GetToken" responded 200 in 9.7461 ms
02/14/2022 18:29:45 +02:00 Invalid password for user.
02/14/2022 18:29:45 +02:00 HTTP "POST" "/api/Auth/GetToken" responded 200 in 9.6058 ms
02/14/2022 18:29:46 +02:00 Invalid password for user.
02/14/2022 18:29:46 +02:00 HTTP "POST" "/api/Auth/GetToken" responded 200 in 8.2229 ms
02/14/2022 18:29:47 +02:00 Invalid password for user.
02/14/2022 18:29:47 +02:00 HTTP "POST" "/api/Auth/GetToken" responded 200 in 7.0893 ms
02/14/2022 18:30:24 +02:00 HTTP "GET" "/api/SecuredTesting/GetData" responded 200 in 58.1533 ms
02/14/2022 18:39:53 +02:00 Application Starting.
02/14/2022 18:39:57 +02:00 HTTP "GET" "/swagger/swagger-ui-bundle.js.map" responded 404 in 261.9018 ms
02/14/2022 18:39:57 +02:00 HTTP "GET" "/swagger/swagger-ui-standalone-preset.js.map" responded 404 in 1.0309 ms
02/14/2022 18:40:40 +02:00 HTTP "GET" "/api/SecuredTesting/GetData" responded 200 in 541.4888 ms
02/14/2022 18:40:41 +02:00 HTTP "GET" "/api/SecuredTesting/GetData" responded 200 in 18.4776 ms
02/14/2022 18:41:23 +02:00 Invalid password for user.
02/14/2022 18:41:24 +02:00 HTTP "POST" "/api/Auth/GetToken" responded 200 in 4435.0008 ms
02/14/2022 18:41:56 +02:00 HTTP "GET" "/api/SecuredTesting/GetData" responded 401 in 24.1327 ms
02/14/2022 18:41:57 +02:00 HTTP "GET" "/api/SecuredTesting/GetData" responded 401 in 0.6208 ms
02/14/2022 18:42:03 +02:00 HTTP "GET" "/api/SecuredTesting/GetData" responded 401 in 0.5446 ms
02/14/2022 18:42:08 +02:00 Invalid password for user.
02/14/2022 18:42:08 +02:00 HTTP "POST" "/api/Auth/GetToken" responded 200 in 62.7446 ms
02/14/2022 18:42:17 +02:00 HTTP "GET" "/api/SecuredTesting/GetData" responded 401 in 2.2162 ms
02/14/2022 18:42:23 +02:00 HTTP "GET" "/api/SecuredTesting/GetData" responded 401 in 6.8388 ms
02/14/2022 18:42:23 +02:00 HTTP "GET" "/api/SecuredTesting/GetData" responded 401 in 0.6062 ms
02/14/2022 18:42:25 +02:00 HTTP "GET" "/api/SecuredTesting/GetData" responded 401 in 0.7420 ms
02/14/2022 18:42:50 +02:00 HTTP "GET" "/api/SecuredTesting/GetData" responded 401 in 5.9070 ms
02/14/2022 18:42:50 +02:00 HTTP "GET" "/api/SecuredTesting/GetData" responded 401 in 0.5491 ms
02/14/2022 18:42:58 +02:00 HTTP "GET" "/api/SecuredTesting/GetData" responded 401 in 1.0424 ms
02/14/2022 18:43:18 +02:00 Application Starting.
02/14/2022 18:43:21 +02:00 HTTP "GET" "/swagger/swagger-ui-bundle.js.map" responded 404 in 239.9553 ms
02/14/2022 18:43:22 +02:00 HTTP "GET" "/swagger/swagger-ui-standalone-preset.js.map" responded 404 in 0.8114 ms
02/14/2022 18:43:49 +02:00 Invalid password for user.
02/14/2022 18:43:50 +02:00 HTTP "POST" "/api/Auth/GetToken" responded 200 in 4456.7539 ms
02/14/2022 18:44:13 +02:00 HTTP "GET" "/api/SecuredTesting/GetData" responded 200 in 72.4586 ms
02/14/2022 18:45:59 +02:00 Invalid password for user.
02/14/2022 18:48:46 +02:00 HTTP "POST" "/api/Auth/GetToken" responded 200 in 210899.7841 ms
02/14/2022 18:48:51 +02:00 Invalid password for user.
02/14/2022 18:48:54 +02:00 HTTP "POST" "/api/Auth/GetToken" responded 400 in 4814.7852 ms
02/14/2022 18:48:59 +02:00 Invalid password for user.
02/14/2022 18:49:30 +02:00 HTTP "POST" "/api/Auth/GetToken" responded 400 in 33657.5117 ms
02/14/2022 18:49:43 +02:00 Invalid password for user.
02/14/2022 18:49:48 +02:00 HTTP "POST" "/api/Auth/GetToken" responded 400 in 7317.4790 ms
02/14/2022 18:49:54 +02:00 Invalid password for user.
02/14/2022 18:49:59 +02:00 HTTP "POST" "/api/Auth/GetToken" responded 400 in 9118.7696 ms
02/14/2022 18:50:18 +02:00 Invalid password for user.
02/14/2022 18:50:26 +02:00 HTTP "POST" "/api/Auth/GetToken" responded 400 in 10052.5340 ms
02/14/2022 18:50:44 +02:00 Invalid password for user.
02/14/2022 18:50:44 +02:00 HTTP "POST" "/api/Auth/GetToken" responded 400 in 16178.6194 ms
02/14/2022 18:51:01 +02:00 Invalid password for user.
02/14/2022 18:51:06 +02:00 HTTP "POST" "/api/Auth/GetToken" responded 400 in 14245.0843 ms
02/14/2022 18:51:13 +02:00 Invalid password for user.
02/14/2022 18:51:16 +02:00 HTTP "POST" "/api/Auth/GetToken" responded 400 in 5442.0109 ms
02/14/2022 18:54:20 +02:00 HTTP "GET" "/api/SecuredTesting/GetData" responded 200 in 40.5731 ms
02/14/2022 18:54:21 +02:00 HTTP "GET" "/api/SecuredTesting/GetData" responded 200 in 5.9358 ms
02/14/2022 18:54:21 +02:00 HTTP "GET" "/api/SecuredTesting/GetData" responded 200 in 5.3971 ms
02/14/2022 18:54:22 +02:00 HTTP "GET" "/api/SecuredTesting/GetData" responded 200 in 0.6640 ms
02/14/2022 18:54:22 +02:00 HTTP "GET" "/api/SecuredTesting/GetData" responded 200 in 0.8595 ms
02/14/2022 18:54:23 +02:00 HTTP "GET" "/api/SecuredTesting/GetData" responded 200 in 0.6476 ms
02/14/2022 18:54:23 +02:00 HTTP "GET" "/api/SecuredTesting/GetData" responded 200 in 0.6135 ms
02/14/2022 18:54:24 +02:00 HTTP "GET" "/api/SecuredTesting/GetData" responded 200 in 0.7922 ms
02/14/2022 18:54:26 +02:00 HTTP "GET" "/api/SecuredTesting/GetData" responded 200 in 0.6212 ms
02/14/2022 18:54:27 +02:00 HTTP "GET" "/api/SecuredTesting/GetData" responded 200 in 0.9390 ms
02/14/2022 18:54:28 +02:00 HTTP "GET" "/api/SecuredTesting/GetData" responded 200 in 0.8587 ms
02/14/2022 18:54:29 +02:00 HTTP "GET" "/api/SecuredTesting/GetData" responded 200 in 0.7825 ms
02/14/2022 18:54:31 +02:00 HTTP "GET" "/api/SecuredTesting/GetData" responded 200 in 0.5946 ms
02/14/2022 18:54:32 +02:00 HTTP "GET" "/api/SecuredTesting/GetData" responded 200 in 1.1611 ms
02/14/2022 18:54:32 +02:00 HTTP "GET" "/api/SecuredTesting/GetData" responded 200 in 0.9023 ms
02/14/2022 18:54:33 +02:00 HTTP "GET" "/api/SecuredTesting/GetData" responded 200 in 0.8443 ms
02/14/2022 18:57:33 +02:00 User password validation failed: "PasswordRequiresNonAlphanumeric;PasswordRequiresUpper".
02/14/2022 18:57:33 +02:00 HTTP "POST" "/api/Auth/RegisterAsync" responded 400 in 110.8169 ms
02/14/2022 18:57:47 +02:00 User password validation failed: "PasswordRequiresNonAlphanumeric".
02/14/2022 18:57:47 +02:00 HTTP "POST" "/api/Auth/RegisterAsync" responded 400 in 9.8684 ms
02/14/2022 18:57:57 +02:00 User validation failed: "InvalidUserName".
02/14/2022 18:57:57 +02:00 HTTP "POST" "/api/Auth/RegisterAsync" responded 400 in 59.6771 ms
02/14/2022 18:58:23 +02:00 HTTP "POST" "/api/Auth/RegisterAsync" responded 200 in 755.5070 ms
02/14/2022 18:58:43 +02:00 HTTP "GET" "/api/SecuredTesting/GetData" responded 200 in 1.2495 ms
02/14/2022 18:58:44 +02:00 HTTP "GET" "/api/SecuredTesting/GetData" responded 200 in 0.4388 ms
02/14/2022 18:58:44 +02:00 HTTP "GET" "/api/SecuredTesting/GetData" responded 200 in 0.4150 ms
02/14/2022 18:59:19 +02:00 HTTP "POST" "/api/Auth/GetToken" responded 200 in 8958.2481 ms
02/14/2022 18:59:32 +02:00 HTTP "GET" "/api/SecuredTesting/GetData" responded 200 in 0.5664 ms
02/14/2022 18:59:58 +02:00 Application Starting.
02/14/2022 19:00:02 +02:00 HTTP "GET" "/swagger/swagger-ui-bundle.js.map" responded 404 in 253.3753 ms
02/14/2022 19:00:02 +02:00 HTTP "GET" "/swagger/swagger-ui-standalone-preset.js.map" responded 404 in 0.9041 ms
02/14/2022 19:00:11 +02:00 HTTP "POST" "/api/Auth/GetToken" responded 200 in 6237.7456 ms
02/14/2022 19:00:19 +02:00 HTTP "GET" "/api/SecuredTesting/GetData" responded 401 in 119.5945 ms
02/14/2022 19:03:29 +02:00 Application Starting.
02/14/2022 19:03:33 +02:00 HTTP "GET" "/swagger/swagger-ui-bundle.js.map" responded 404 in 346.1080 ms
02/14/2022 19:03:33 +02:00 HTTP "GET" "/swagger/swagger-ui-standalone-preset.js.map" responded 404 in 0.8167 ms
02/14/2022 19:03:48 +02:00 HTTP "POST" "/api/Auth/GetToken" responded 200 in 5002.1661 ms
02/14/2022 19:03:58 +02:00 HTTP "GET" "/api/SecuredTesting/GetData" responded 200 in 140.8561 ms
02/14/2022 19:05:06 +02:00 HTTP "GET" "/api/SecuredTesting/GetData" responded 401 in 29.9319 ms
02/14/2022 19:34:35 +02:00 Application Starting.
02/14/2022 19:34:37 +02:00 HTTP "GET" "/swagger/swagger-ui-bundle.js.map" responded 404 in 196.9065 ms
02/14/2022 19:34:37 +02:00 HTTP "GET" "/swagger/swagger-ui-standalone-preset.js.map" responded 404 in 0.7637 ms
02/14/2022 19:35:13 +02:00 HTTP "POST" "/api/Auth/GetToken" responded 404 in 27.8349 ms
02/14/2022 19:35:18 +02:00 HTTP "POST" "/api/Auth/GetToken" responded 404 in 9.2073 ms
02/14/2022 19:36:15 +02:00 HTTP "POST" "/api/Auth/Login" responded 200 in 48874.7004 ms
02/14/2022 19:37:23 +02:00 HTTP "POST" "/api/Auth/Login" responded 200 in 4805.4716 ms
02/14/2022 19:38:22 +02:00 User validation failed: "DuplicateUserName".
02/14/2022 19:38:22 +02:00 HTTP "POST" "/api/Auth/RegisterAsync" responded 400 in 138.5050 ms
02/14/2022 19:38:30 +02:00 HTTP "POST" "/api/Auth/RegisterAsync" responded 200 in 387.8061 ms
02/14/2022 19:39:38 +02:00 HTTP "POST" "/api/Auth/Login" responded 200 in 47339.5659 ms
02/14/2022 19:42:56 +02:00 HTTP "GET" "/api/SecuredTesting/GetData" responded 401 in 114.6129 ms
02/14/2022 19:42:56 +02:00 HTTP "GET" "/api/SecuredTesting/GetData" responded 401 in 9.8158 ms
02/14/2022 19:43:01 +02:00 HTTP "POST" "/api/Auth/Login" responded 200 in 37.5642 ms
02/14/2022 19:43:09 +02:00 HTTP "GET" "/api/SecuredTesting/GetData" responded 200 in 24.8952 ms
02/14/2022 19:43:26 +02:00 HTTP "GET" "/api/SecuredTesting/GetData" responded 200 in 1.0366 ms
02/14/2022 19:43:51 +02:00 HTTP "GET" "/api/SecuredTesting/GetData" responded 200 in 5.6323 ms
02/14/2022 19:44:01 +02:00 HTTP "GET" "/api/SecuredTesting/GetData" responded 401 in 7.5043 ms
